### causal lambda-CV on okved2curated: 8 snapshots (2017..2024), scheme=common
    naive anchor: MAE=48.67

  == null: rolling-origin MEAN over 5 holdouts ==
      selector     MAE  reliab   lambdas per holdout
           raw   51.76   0.302   -
         fixed   54.48   0.302   -
        cv_mae   54.56   0.298   0.5 1 0 0 0
        cv_rel   51.75   0.302   0.5 0 0 0 0
        oracle   51.60   0.302   1 0 1 0.25 1
    ratio-to-oracle MAE (fixed): 1.056
    ratio-to-oracle MAE (cv_mae): 1.057

  == ewma: rolling-origin MEAN over 5 holdouts ==
      selector     MAE  reliab   lambdas per holdout
           raw   51.76   0.302   -
         fixed   54.22   0.268   -
        cv_mae   55.49   0.278   0.5 0 0.7 0 0
        cv_rel   52.50   0.293   0.5 0 0 0 0
        oracle   49.12   0.302   0 0.7 0 0 0.3
    ratio-to-oracle MAE (fixed): 1.104
    ratio-to-oracle MAE (cv_mae): 1.130

[time] 30.3 s
