==========================================================================
SHOTSROBUST: fixed multi-shot recipe vs TRUE Lambda / seeds / a0
recipe: M=16 shots, n=8, dt=0.6*(0.72/Lambda), t0=0.3*(0.72/Lambda),
        alpha=1e-4, both priors  (recipe fixed in units of 1/Lambda)
==========================================================================
                    case Lam_true prior  Lam_act  ratio     resid
      drive alpha_d=0.18    0.360   min    0.150   0.42  8.07e-02
      drive alpha_d=0.18    0.360  lazy    0.000   0.00  8.07e-02
      drive alpha_d=0.36    0.720   min    0.344   0.48  4.21e-02
      drive alpha_d=0.36    0.720  lazy    0.339   0.47  4.22e-02
      drive alpha_d=0.54    1.080   min    0.543   0.50  9.17e-02
      drive alpha_d=0.54    1.080  lazy    0.000   0.00  9.17e-02
                  a0=400    0.720   min    0.402   0.56  5.37e-02
                  a0=400    0.720  lazy    0.000   0.00  5.37e-02
                 a0=2000    0.720   min    0.324   0.45  2.20e-02
                 a0=2000    0.720  lazy    0.000   0.00  2.20e-02
             shot-seed=1    0.720   min    0.267   0.37  7.67e-02
             shot-seed=1    0.720  lazy    0.267   0.37  7.67e-02
             shot-seed=2    0.720   min    0.367   0.51  6.83e-02
             shot-seed=2    0.720  lazy    0.000   0.00  6.83e-02
             shot-seed=3    0.720   min    0.159   0.22  7.01e-02
             shot-seed=3    0.720  lazy    0.000   0.00  7.01e-02
                  m=6000    0.720   min    0.282   0.39  7.19e-02
                  m=6000    0.720  lazy    0.000   0.00  7.19e-02
[time] shotsrobust: 180.0 s

